2024-12-07 14:59:04.544  INFO 16024 --- [restartedMain] fenris06.TacoCloudApplication            : Starting TacoCloudApplication using Java 11.0.16.1 on LAPTOP-P3INO54K with PID 16024 (D:\New_Java_Projects\taco-cloud\taco-cloud-service\target\classes started by Артем in D:\New_Java_Projects\taco-cloud)
2024-12-07 14:59:04.553  INFO 16024 --- [restartedMain] fenris06.TacoCloudApplication            : The following profiles are active: test
2024-12-07 14:59:04.612  WARN 16024 --- [restartedMain] o.s.b.c.config.ConfigDataEnvironment     : Property 'spring.profiles' imported from location 'class path resource [application.yaml]' is invalid and should be replaced with 'spring.config.activate.on-profile' [origin: class path resource [application.yaml] - 25:13]
2024-12-07 14:59:04.613  WARN 16024 --- [restartedMain] o.s.b.c.config.ConfigDataEnvironment     : Property 'spring.profiles' imported from location 'class path resource [application.yaml]' is invalid and should be replaced with 'spring.config.activate.on-profile' [origin: class path resource [application.yaml] - 10:13]
2024-12-07 14:59:04.615  INFO 16024 --- [restartedMain] .e.DevToolsPropertyDefaultsPostProcessor : Devtools property defaults active! Set 'spring.devtools.add-properties' to 'false' to disable
2024-12-07 14:59:04.615  INFO 16024 --- [restartedMain] .e.DevToolsPropertyDefaultsPostProcessor : For additional web related logging consider setting the 'logging.level.web' property to 'DEBUG'
2024-12-07 14:59:05.382  INFO 16024 --- [restartedMain] .s.d.r.c.RepositoryConfigurationDelegate : Bootstrapping Spring Data JPA repositories in DEFAULT mode.
2024-12-07 14:59:05.444  INFO 16024 --- [restartedMain] .s.d.r.c.RepositoryConfigurationDelegate : Finished Spring Data repository scanning in 53 ms. Found 4 JPA repository interfaces.
2024-12-07 14:59:06.497  INFO 16024 --- [restartedMain] o.s.b.w.embedded.tomcat.TomcatWebServer  : Tomcat initialized with port(s): 8080 (http)
2024-12-07 14:59:06.512  INFO 16024 --- [restartedMain] o.apache.catalina.core.StandardService   : Starting service [Tomcat]
2024-12-07 14:59:06.512  INFO 16024 --- [restartedMain] org.apache.catalina.core.StandardEngine  : Starting Servlet engine: [Apache Tomcat/9.0.50]
2024-12-07 14:59:06.618  INFO 16024 --- [restartedMain] o.a.c.c.C.[Tomcat].[localhost].[/]       : Initializing Spring embedded WebApplicationContext
2024-12-07 14:59:06.618  INFO 16024 --- [restartedMain] w.s.c.ServletWebServerApplicationContext : Root WebApplicationContext: initialization completed in 2002 ms
2024-12-07 14:59:06.668  INFO 16024 --- [restartedMain] com.zaxxer.hikari.HikariDataSource       : tacocloud - Starting...
2024-12-07 14:59:06.857  INFO 16024 --- [restartedMain] com.zaxxer.hikari.HikariDataSource       : tacocloud - Start completed.
2024-12-07 14:59:06.864  INFO 16024 --- [restartedMain] o.s.b.a.h2.H2ConsoleAutoConfiguration    : H2 console available at '/h2-console'. Database available at 'jdbc:h2:mem:tacocloud'
2024-12-07 14:59:07.069  INFO 16024 --- [restartedMain] o.hibernate.jpa.internal.util.LogHelper  : HHH000204: Processing PersistenceUnitInfo [name: default]
2024-12-07 14:59:07.126  INFO 16024 --- [restartedMain] org.hibernate.Version                    : HHH000412: Hibernate ORM core version 5.4.32.Final
2024-12-07 14:59:07.260  INFO 16024 --- [restartedMain] o.hibernate.annotations.common.Version   : HCANN000001: Hibernate Commons Annotations {5.1.2.Final}
2024-12-07 14:59:07.406  INFO 16024 --- [restartedMain] org.hibernate.dialect.Dialect            : HHH000400: Using dialect: org.hibernate.dialect.H2Dialect
2024-12-07 14:59:08.106  INFO 16024 --- [restartedMain] o.h.e.t.j.p.i.JtaPlatformInitiator       : HHH000490: Using JtaPlatform implementation: [org.hibernate.engine.transaction.jta.platform.internal.NoJtaPlatform]
2024-12-07 14:59:08.112  INFO 16024 --- [restartedMain] j.LocalContainerEntityManagerFactoryBean : Initialized JPA EntityManagerFactory for persistence unit 'default'
2024-12-07 14:59:08.803  WARN 16024 --- [restartedMain] JpaBaseConfiguration$JpaWebConfiguration : spring.jpa.open-in-view is enabled by default. Therefore, database queries may be performed during view rendering. Explicitly configure spring.jpa.open-in-view to disable this warning
2024-12-07 14:59:09.389  WARN 16024 --- [restartedMain] ion$DefaultTemplateResolverConfiguration : Cannot find template location: classpath:/templates/ (please add some templates or check your Thymeleaf configuration)
2024-12-07 14:59:09.829  INFO 16024 --- [restartedMain] o.s.s.web.DefaultSecurityFilterChain     : Will secure any request with [org.springframework.security.web.context.request.async.WebAsyncManagerIntegrationFilter@6ae96a2c, org.springframework.security.web.context.SecurityContextPersistenceFilter@5d8639aa, org.springframework.security.web.header.HeaderWriterFilter@63d929d5, org.springframework.security.web.csrf.CsrfFilter@224b4051, org.springframework.security.web.authentication.logout.LogoutFilter@545ad6fe, org.springframework.security.web.authentication.UsernamePasswordAuthenticationFilter@3e40706f, org.springframework.security.web.authentication.ui.DefaultLoginPageGeneratingFilter@73d07921, org.springframework.security.web.authentication.ui.DefaultLogoutPageGeneratingFilter@2425360e, org.springframework.security.web.authentication.www.BasicAuthenticationFilter@4844590f, org.springframework.security.web.savedrequest.RequestCacheAwareFilter@5086e030, org.springframework.security.web.servletapi.SecurityContextHolderAwareRequestFilter@50f9d4e2, org.springframework.security.web.authentication.AnonymousAuthenticationFilter@4ec39fa4, org.springframework.security.web.session.SessionManagementFilter@265ec319, org.springframework.security.web.access.ExceptionTranslationFilter@53f6f982, org.springframework.security.web.access.intercept.FilterSecurityInterceptor@7d6823d4]
2024-12-07 14:59:09.916  INFO 16024 --- [restartedMain] o.s.b.d.a.OptionalLiveReloadServer       : LiveReload server is running on port 35729
2024-12-07 14:59:09.950  INFO 16024 --- [restartedMain] o.s.b.w.embedded.tomcat.TomcatWebServer  : Tomcat started on port(s): 8080 (http) with context path ''
2024-12-07 14:59:09.959  INFO 16024 --- [restartedMain] fenris06.TacoCloudApplication            : Started TacoCloudApplication in 6.008 seconds (JVM running for 6.664)
2024-12-07 15:00:55.153  INFO 16024 --- [SpringApplicationShutdownHook] j.LocalContainerEntityManagerFactoryBean : Closing JPA EntityManagerFactory for persistence unit 'default'
2024-12-07 15:00:55.154  INFO 16024 --- [SpringApplicationShutdownHook] .SchemaDropperImpl$DelayedDropActionImpl : HHH000477: Starting delayed evictData of schema as part of SessionFactory shut-down'
2024-12-07 15:00:55.370  WARN 16024 --- [SpringApplicationShutdownHook] o.s.b.f.support.DisposableBeanAdapter    : Invocation of destroy method failed on bean with name 'inMemoryDatabaseShutdownExecutor': org.h2.jdbc.JdbcSQLNonTransientConnectionException: База данных уже закрыта (чтобы отключить автоматическое закрытие базы данных при останове JVM, добавьте ";DB_CLOSE_ON_EXIT=FALSE" в URL)
Database is already closed (to disable automatic closing at VM shutdown, add ";DB_CLOSE_ON_EXIT=FALSE" to the db URL) [90121-200]
2024-12-07 15:00:55.372  INFO 16024 --- [SpringApplicationShutdownHook] com.zaxxer.hikari.HikariDataSource       : tacocloud - Shutdown initiated...
2024-12-07 15:00:55.382  INFO 16024 --- [SpringApplicationShutdownHook] com.zaxxer.hikari.HikariDataSource       : tacocloud - Shutdown completed.
2024-12-07 15:01:06.291  INFO 9200 --- [restartedMain] fenris06.TacoCloudApplication            : Starting TacoCloudApplication using Java 11.0.16.1 on LAPTOP-P3INO54K with PID 9200 (D:\New_Java_Projects\taco-cloud\taco-cloud-service\target\classes started by Артем in D:\New_Java_Projects\taco-cloud)
2024-12-07 15:01:06.295  INFO 9200 --- [restartedMain] fenris06.TacoCloudApplication            : The following profiles are active: test
2024-12-07 15:01:06.351  WARN 9200 --- [restartedMain] o.s.b.c.config.ConfigDataEnvironment     : Property 'spring.profiles' imported from location 'class path resource [application.yaml]' is invalid and should be replaced with 'spring.config.activate.on-profile' [origin: class path resource [application.yaml] - 25:13]
2024-12-07 15:01:06.351  WARN 9200 --- [restartedMain] o.s.b.c.config.ConfigDataEnvironment     : Property 'spring.profiles' imported from location 'class path resource [application.yaml]' is invalid and should be replaced with 'spring.config.activate.on-profile' [origin: class path resource [application.yaml] - 10:13]
2024-12-07 15:01:06.354  INFO 9200 --- [restartedMain] .e.DevToolsPropertyDefaultsPostProcessor : Devtools property defaults active! Set 'spring.devtools.add-properties' to 'false' to disable
2024-12-07 15:01:06.354  INFO 9200 --- [restartedMain] .e.DevToolsPropertyDefaultsPostProcessor : For additional web related logging consider setting the 'logging.level.web' property to 'DEBUG'
2024-12-07 15:01:07.167  INFO 9200 --- [restartedMain] .s.d.r.c.RepositoryConfigurationDelegate : Bootstrapping Spring Data JPA repositories in DEFAULT mode.
2024-12-07 15:01:07.238  INFO 9200 --- [restartedMain] .s.d.r.c.RepositoryConfigurationDelegate : Finished Spring Data repository scanning in 57 ms. Found 4 JPA repository interfaces.
2024-12-07 15:01:08.305  INFO 9200 --- [restartedMain] o.s.b.w.embedded.tomcat.TomcatWebServer  : Tomcat initialized with port(s): 8080 (http)
2024-12-07 15:01:08.320  INFO 9200 --- [restartedMain] o.apache.catalina.core.StandardService   : Starting service [Tomcat]
2024-12-07 15:01:08.321  INFO 9200 --- [restartedMain] org.apache.catalina.core.StandardEngine  : Starting Servlet engine: [Apache Tomcat/9.0.50]
2024-12-07 15:01:08.431  INFO 9200 --- [restartedMain] o.a.c.c.C.[Tomcat].[localhost].[/]       : Initializing Spring embedded WebApplicationContext
2024-12-07 15:01:08.431  INFO 9200 --- [restartedMain] w.s.c.ServletWebServerApplicationContext : Root WebApplicationContext: initialization completed in 2076 ms
2024-12-07 15:01:08.506  INFO 9200 --- [restartedMain] com.zaxxer.hikari.HikariDataSource       : tacocloud - Starting...
2024-12-07 15:01:08.764  INFO 9200 --- [restartedMain] com.zaxxer.hikari.HikariDataSource       : tacocloud - Start completed.
2024-12-07 15:01:08.771  INFO 9200 --- [restartedMain] o.s.b.a.h2.H2ConsoleAutoConfiguration    : H2 console available at '/h2-console'. Database available at 'jdbc:h2:mem:tacocloud'
2024-12-07 15:01:09.088  INFO 9200 --- [restartedMain] o.hibernate.jpa.internal.util.LogHelper  : HHH000204: Processing PersistenceUnitInfo [name: default]
2024-12-07 15:01:09.152  INFO 9200 --- [restartedMain] org.hibernate.Version                    : HHH000412: Hibernate ORM core version 5.4.32.Final
2024-12-07 15:01:09.343  INFO 9200 --- [restartedMain] o.hibernate.annotations.common.Version   : HCANN000001: Hibernate Commons Annotations {5.1.2.Final}
2024-12-07 15:01:09.504  INFO 9200 --- [restartedMain] org.hibernate.dialect.Dialect            : HHH000400: Using dialect: org.hibernate.dialect.H2Dialect
2024-12-07 15:01:10.317  INFO 9200 --- [restartedMain] o.h.e.t.j.p.i.JtaPlatformInitiator       : HHH000490: Using JtaPlatform implementation: [org.hibernate.engine.transaction.jta.platform.internal.NoJtaPlatform]
2024-12-07 15:01:10.329  INFO 9200 --- [restartedMain] j.LocalContainerEntityManagerFactoryBean : Initialized JPA EntityManagerFactory for persistence unit 'default'
2024-12-07 15:01:11.078  WARN 9200 --- [restartedMain] JpaBaseConfiguration$JpaWebConfiguration : spring.jpa.open-in-view is enabled by default. Therefore, database queries may be performed during view rendering. Explicitly configure spring.jpa.open-in-view to disable this warning
2024-12-07 15:01:11.726  WARN 9200 --- [restartedMain] ion$DefaultTemplateResolverConfiguration : Cannot find template location: classpath:/templates/ (please add some templates or check your Thymeleaf configuration)
2024-12-07 15:01:12.176  INFO 9200 --- [restartedMain] o.s.s.web.DefaultSecurityFilterChain     : Will secure any request with [org.springframework.security.web.context.request.async.WebAsyncManagerIntegrationFilter@b648036, org.springframework.security.web.context.SecurityContextPersistenceFilter@5105edb6, org.springframework.security.web.header.HeaderWriterFilter@7e11f098, org.springframework.security.web.csrf.CsrfFilter@572dbb08, org.springframework.security.web.authentication.logout.LogoutFilter@5ffefcce, org.springframework.security.web.authentication.UsernamePasswordAuthenticationFilter@60fb5565, org.springframework.security.web.authentication.ui.DefaultLoginPageGeneratingFilter@6a631f5b, org.springframework.security.web.authentication.ui.DefaultLogoutPageGeneratingFilter@512d8205, org.springframework.security.web.authentication.www.BasicAuthenticationFilter@a04ddbc, org.springframework.security.web.savedrequest.RequestCacheAwareFilter@9d70773, org.springframework.security.web.servletapi.SecurityContextHolderAwareRequestFilter@2fe44d7b, org.springframework.security.web.authentication.AnonymousAuthenticationFilter@7de85ca1, org.springframework.security.web.session.SessionManagementFilter@60664784, org.springframework.security.web.access.ExceptionTranslationFilter@2f05db25, org.springframework.security.web.access.intercept.FilterSecurityInterceptor@325c60e9]
2024-12-07 15:01:12.261  INFO 9200 --- [restartedMain] o.s.b.d.a.OptionalLiveReloadServer       : LiveReload server is running on port 35729
2024-12-07 15:01:12.293  INFO 9200 --- [restartedMain] o.s.b.w.embedded.tomcat.TomcatWebServer  : Tomcat started on port(s): 8080 (http) with context path ''
2024-12-07 15:01:12.303  INFO 9200 --- [restartedMain] fenris06.TacoCloudApplication            : Started TacoCloudApplication in 6.643 seconds (JVM running for 7.283)
2024-12-07 15:05:54.985  INFO 9200 --- [SpringApplicationShutdownHook] j.LocalContainerEntityManagerFactoryBean : Closing JPA EntityManagerFactory for persistence unit 'default'
2024-12-07 15:05:54.986  INFO 9200 --- [SpringApplicationShutdownHook] .SchemaDropperImpl$DelayedDropActionImpl : HHH000477: Starting delayed evictData of schema as part of SessionFactory shut-down'
2024-12-07 15:05:55.207  WARN 9200 --- [SpringApplicationShutdownHook] o.s.b.f.support.DisposableBeanAdapter    : Invocation of destroy method failed on bean with name 'inMemoryDatabaseShutdownExecutor': org.h2.jdbc.JdbcSQLNonTransientConnectionException: База данных уже закрыта (чтобы отключить автоматическое закрытие базы данных при останове JVM, добавьте ";DB_CLOSE_ON_EXIT=FALSE" в URL)
Database is already closed (to disable automatic closing at VM shutdown, add ";DB_CLOSE_ON_EXIT=FALSE" to the db URL) [90121-200]
2024-12-07 15:05:55.208  INFO 9200 --- [SpringApplicationShutdownHook] com.zaxxer.hikari.HikariDataSource       : tacocloud - Shutdown initiated...
2024-12-07 15:05:55.214  INFO 9200 --- [SpringApplicationShutdownHook] com.zaxxer.hikari.HikariDataSource       : tacocloud - Shutdown completed.
2024-12-07 15:05:58.252  INFO 18588 --- [restartedMain] fenris06.TacoCloudApplication            : Starting TacoCloudApplication using Java 11.0.16.1 on LAPTOP-P3INO54K with PID 18588 (D:\New_Java_Projects\taco-cloud\taco-cloud-service\target\classes started by Артем in D:\New_Java_Projects\taco-cloud)
2024-12-07 15:05:58.255  INFO 18588 --- [restartedMain] fenris06.TacoCloudApplication            : The following profiles are active: test
2024-12-07 15:05:58.307  WARN 18588 --- [restartedMain] o.s.b.c.config.ConfigDataEnvironment     : Property 'spring.profiles' imported from location 'class path resource [application.yaml]' is invalid and should be replaced with 'spring.config.activate.on-profile' [origin: class path resource [application.yaml] - 30:13]
2024-12-07 15:05:58.307  WARN 18588 --- [restartedMain] o.s.b.c.config.ConfigDataEnvironment     : Property 'spring.profiles' imported from location 'class path resource [application.yaml]' is invalid and should be replaced with 'spring.config.activate.on-profile' [origin: class path resource [application.yaml] - 10:13]
2024-12-07 15:05:58.309  INFO 18588 --- [restartedMain] .e.DevToolsPropertyDefaultsPostProcessor : Devtools property defaults active! Set 'spring.devtools.add-properties' to 'false' to disable
2024-12-07 15:05:58.310  INFO 18588 --- [restartedMain] .e.DevToolsPropertyDefaultsPostProcessor : For additional web related logging consider setting the 'logging.level.web' property to 'DEBUG'
2024-12-07 15:05:59.071  INFO 18588 --- [restartedMain] .s.d.r.c.RepositoryConfigurationDelegate : Bootstrapping Spring Data JPA repositories in DEFAULT mode.
2024-12-07 15:05:59.132  INFO 18588 --- [restartedMain] .s.d.r.c.RepositoryConfigurationDelegate : Finished Spring Data repository scanning in 53 ms. Found 4 JPA repository interfaces.
2024-12-07 15:06:00.178  INFO 18588 --- [restartedMain] o.s.b.w.embedded.tomcat.TomcatWebServer  : Tomcat initialized with port(s): 8080 (http)
2024-12-07 15:06:00.189  INFO 18588 --- [restartedMain] o.apache.catalina.core.StandardService   : Starting service [Tomcat]
2024-12-07 15:06:00.190  INFO 18588 --- [restartedMain] org.apache.catalina.core.StandardEngine  : Starting Servlet engine: [Apache Tomcat/9.0.50]
2024-12-07 15:06:00.289  INFO 18588 --- [restartedMain] o.a.c.c.C.[Tomcat].[localhost].[/]       : Initializing Spring embedded WebApplicationContext
2024-12-07 15:06:00.289  INFO 18588 --- [restartedMain] w.s.c.ServletWebServerApplicationContext : Root WebApplicationContext: initialization completed in 1979 ms
2024-12-07 15:06:00.341  INFO 18588 --- [restartedMain] com.zaxxer.hikari.HikariDataSource       : tacocloud - Starting...
2024-12-07 15:06:00.542  INFO 18588 --- [restartedMain] com.zaxxer.hikari.HikariDataSource       : tacocloud - Start completed.
2024-12-07 15:06:00.549  INFO 18588 --- [restartedMain] o.s.b.a.h2.H2ConsoleAutoConfiguration    : H2 console available at '/h2-console'. Database available at 'jdbc:h2:mem:tacocloud'
2024-12-07 15:06:00.764  INFO 18588 --- [restartedMain] o.hibernate.jpa.internal.util.LogHelper  : HHH000204: Processing PersistenceUnitInfo [name: default]
2024-12-07 15:06:00.819  INFO 18588 --- [restartedMain] org.hibernate.Version                    : HHH000412: Hibernate ORM core version 5.4.32.Final
2024-12-07 15:06:00.961  INFO 18588 --- [restartedMain] o.hibernate.annotations.common.Version   : HCANN000001: Hibernate Commons Annotations {5.1.2.Final}
2024-12-07 15:06:01.076  INFO 18588 --- [restartedMain] org.hibernate.dialect.Dialect            : HHH000400: Using dialect: org.hibernate.dialect.H2Dialect
2024-12-07 15:06:01.728  INFO 18588 --- [restartedMain] o.h.e.t.j.p.i.JtaPlatformInitiator       : HHH000490: Using JtaPlatform implementation: [org.hibernate.engine.transaction.jta.platform.internal.NoJtaPlatform]
2024-12-07 15:06:01.733  INFO 18588 --- [restartedMain] j.LocalContainerEntityManagerFactoryBean : Initialized JPA EntityManagerFactory for persistence unit 'default'
2024-12-07 15:06:02.395  WARN 18588 --- [restartedMain] JpaBaseConfiguration$JpaWebConfiguration : spring.jpa.open-in-view is enabled by default. Therefore, database queries may be performed during view rendering. Explicitly configure spring.jpa.open-in-view to disable this warning
2024-12-07 15:06:02.928  WARN 18588 --- [restartedMain] ion$DefaultTemplateResolverConfiguration : Cannot find template location: classpath:/templates/ (please add some templates or check your Thymeleaf configuration)
2024-12-07 15:06:03.344  INFO 18588 --- [restartedMain] o.s.s.web.DefaultSecurityFilterChain     : Will secure any request with [org.springframework.security.web.context.request.async.WebAsyncManagerIntegrationFilter@1bb9f6d3, org.springframework.security.web.context.SecurityContextPersistenceFilter@9457b93, org.springframework.security.web.header.HeaderWriterFilter@37695e63, org.springframework.security.web.csrf.CsrfFilter@741eaa8a, org.springframework.security.web.authentication.logout.LogoutFilter@24ef01e0, org.springframework.security.web.authentication.UsernamePasswordAuthenticationFilter@13ecd32d, org.springframework.security.web.authentication.ui.DefaultLoginPageGeneratingFilter@4c42b2e0, org.springframework.security.web.authentication.ui.DefaultLogoutPageGeneratingFilter@6229e096, org.springframework.security.web.authentication.www.BasicAuthenticationFilter@7fa6c543, org.springframework.security.web.savedrequest.RequestCacheAwareFilter@38905fd1, org.springframework.security.web.servletapi.SecurityContextHolderAwareRequestFilter@f4fed7c, org.springframework.security.web.authentication.AnonymousAuthenticationFilter@2becad4d, org.springframework.security.web.session.SessionManagementFilter@7cd18ca, org.springframework.security.web.access.ExceptionTranslationFilter@1c657f78, org.springframework.security.web.access.intercept.FilterSecurityInterceptor@5d78ae38]
2024-12-07 15:06:03.420  INFO 18588 --- [restartedMain] o.s.b.d.a.OptionalLiveReloadServer       : LiveReload server is running on port 35729
2024-12-07 15:06:03.452  INFO 18588 --- [restartedMain] o.s.b.w.embedded.tomcat.TomcatWebServer  : Tomcat started on port(s): 8080 (http) with context path ''
2024-12-07 15:06:03.462  INFO 18588 --- [restartedMain] fenris06.TacoCloudApplication            : Started TacoCloudApplication in 5.762 seconds (JVM running for 6.403)
2024-12-07 15:06:49.989  INFO 18588 --- [http-nio-8080-exec-1] o.a.c.c.C.[Tomcat].[localhost].[/]       : Initializing Spring DispatcherServlet 'dispatcherServlet'
2024-12-07 15:06:49.991  INFO 18588 --- [http-nio-8080-exec-1] o.s.web.servlet.DispatcherServlet        : Initializing Servlet 'dispatcherServlet'
2024-12-07 15:06:49.992  INFO 18588 --- [http-nio-8080-exec-1] o.s.web.servlet.DispatcherServlet        : Completed initialization in 1 ms
2024-12-07 15:06:50.148  WARN 18588 --- [http-nio-8080-exec-1] o.a.c.util.SessionIdGeneratorBase        : Creation of SecureRandom instance for session ID generation using [SHA1PRNG] took [137] milliseconds.
2024-12-07 15:21:01.896  INFO 18588 --- [SpringApplicationShutdownHook] j.LocalContainerEntityManagerFactoryBean : Closing JPA EntityManagerFactory for persistence unit 'default'
2024-12-07 15:21:01.897  INFO 18588 --- [SpringApplicationShutdownHook] .SchemaDropperImpl$DelayedDropActionImpl : HHH000477: Starting delayed evictData of schema as part of SessionFactory shut-down'
2024-12-07 15:21:02.124  WARN 18588 --- [SpringApplicationShutdownHook] o.s.b.f.support.DisposableBeanAdapter    : Invocation of destroy method failed on bean with name 'inMemoryDatabaseShutdownExecutor': org.h2.jdbc.JdbcSQLNonTransientConnectionException: База данных уже закрыта (чтобы отключить автоматическое закрытие базы данных при останове JVM, добавьте ";DB_CLOSE_ON_EXIT=FALSE" в URL)
Database is already closed (to disable automatic closing at VM shutdown, add ";DB_CLOSE_ON_EXIT=FALSE" to the db URL) [90121-200]
2024-12-07 15:21:02.125  INFO 18588 --- [SpringApplicationShutdownHook] com.zaxxer.hikari.HikariDataSource       : tacocloud - Shutdown initiated...
2024-12-07 15:21:02.131  INFO 18588 --- [SpringApplicationShutdownHook] com.zaxxer.hikari.HikariDataSource       : tacocloud - Shutdown completed.
2024-12-07 15:21:05.638  INFO 15976 --- [restartedMain] fenris06.TacoCloudApplication            : Starting TacoCloudApplication using Java 11.0.16.1 on LAPTOP-P3INO54K with PID 15976 (D:\New_Java_Projects\taco-cloud\taco-cloud-service\target\classes started by Артем in D:\New_Java_Projects\taco-cloud)
2024-12-07 15:21:05.641  INFO 15976 --- [restartedMain] fenris06.TacoCloudApplication            : The following profiles are active: test
2024-12-07 15:21:05.693  WARN 15976 --- [restartedMain] o.s.b.c.config.ConfigDataEnvironment     : Property 'spring.profiles' imported from location 'class path resource [application.yaml]' is invalid and should be replaced with 'spring.config.activate.on-profile' [origin: class path resource [application.yaml] - 30:13]
2024-12-07 15:21:05.693  WARN 15976 --- [restartedMain] o.s.b.c.config.ConfigDataEnvironment     : Property 'spring.profiles' imported from location 'class path resource [application.yaml]' is invalid and should be replaced with 'spring.config.activate.on-profile' [origin: class path resource [application.yaml] - 10:13]
2024-12-07 15:21:05.695  INFO 15976 --- [restartedMain] .e.DevToolsPropertyDefaultsPostProcessor : Devtools property defaults active! Set 'spring.devtools.add-properties' to 'false' to disable
2024-12-07 15:21:05.695  INFO 15976 --- [restartedMain] .e.DevToolsPropertyDefaultsPostProcessor : For additional web related logging consider setting the 'logging.level.web' property to 'DEBUG'
2024-12-07 15:21:06.439  INFO 15976 --- [restartedMain] .s.d.r.c.RepositoryConfigurationDelegate : Bootstrapping Spring Data JPA repositories in DEFAULT mode.
2024-12-07 15:21:06.501  INFO 15976 --- [restartedMain] .s.d.r.c.RepositoryConfigurationDelegate : Finished Spring Data repository scanning in 53 ms. Found 4 JPA repository interfaces.
2024-12-07 15:21:07.446  INFO 15976 --- [restartedMain] o.s.b.w.embedded.tomcat.TomcatWebServer  : Tomcat initialized with port(s): 8080 (http)
2024-12-07 15:21:07.459  INFO 15976 --- [restartedMain] o.apache.catalina.core.StandardService   : Starting service [Tomcat]
2024-12-07 15:21:07.460  INFO 15976 --- [restartedMain] org.apache.catalina.core.StandardEngine  : Starting Servlet engine: [Apache Tomcat/9.0.50]
2024-12-07 15:21:07.561  INFO 15976 --- [restartedMain] o.a.c.c.C.[Tomcat].[localhost].[/]       : Initializing Spring embedded WebApplicationContext
2024-12-07 15:21:07.561  INFO 15976 --- [restartedMain] w.s.c.ServletWebServerApplicationContext : Root WebApplicationContext: initialization completed in 1865 ms
2024-12-07 15:21:07.613  INFO 15976 --- [restartedMain] com.zaxxer.hikari.HikariDataSource       : tacocloud - Starting...
2024-12-07 15:21:07.806  INFO 15976 --- [restartedMain] com.zaxxer.hikari.HikariDataSource       : tacocloud - Start completed.
2024-12-07 15:21:07.813  INFO 15976 --- [restartedMain] o.s.b.a.h2.H2ConsoleAutoConfiguration    : H2 console available at '/h2-console'. Database available at 'jdbc:h2:mem:tacocloud'
2024-12-07 15:21:08.030  INFO 15976 --- [restartedMain] o.hibernate.jpa.internal.util.LogHelper  : HHH000204: Processing PersistenceUnitInfo [name: default]
2024-12-07 15:21:08.082  INFO 15976 --- [restartedMain] org.hibernate.Version                    : HHH000412: Hibernate ORM core version 5.4.32.Final
2024-12-07 15:21:08.215  INFO 15976 --- [restartedMain] o.hibernate.annotations.common.Version   : HCANN000001: Hibernate Commons Annotations {5.1.2.Final}
2024-12-07 15:21:08.335  INFO 15976 --- [restartedMain] org.hibernate.dialect.Dialect            : HHH000400: Using dialect: org.hibernate.dialect.H2Dialect
2024-12-07 15:21:08.985  INFO 15976 --- [restartedMain] o.h.e.t.j.p.i.JtaPlatformInitiator       : HHH000490: Using JtaPlatform implementation: [org.hibernate.engine.transaction.jta.platform.internal.NoJtaPlatform]
2024-12-07 15:21:08.990  INFO 15976 --- [restartedMain] j.LocalContainerEntityManagerFactoryBean : Initialized JPA EntityManagerFactory for persistence unit 'default'
2024-12-07 15:21:09.664  WARN 15976 --- [restartedMain] JpaBaseConfiguration$JpaWebConfiguration : spring.jpa.open-in-view is enabled by default. Therefore, database queries may be performed during view rendering. Explicitly configure spring.jpa.open-in-view to disable this warning
2024-12-07 15:21:10.262  WARN 15976 --- [restartedMain] ion$DefaultTemplateResolverConfiguration : Cannot find template location: classpath:/templates/ (please add some templates or check your Thymeleaf configuration)
2024-12-07 15:21:10.751  INFO 15976 --- [restartedMain] o.s.s.web.DefaultSecurityFilterChain     : Will secure any request with [org.springframework.security.web.context.request.async.WebAsyncManagerIntegrationFilter@af75cb2, org.springframework.security.web.context.SecurityContextPersistenceFilter@4eae44fd, org.springframework.security.web.header.HeaderWriterFilter@4eebade6, org.springframework.security.web.csrf.CsrfFilter@50cbe737, org.springframework.security.web.authentication.logout.LogoutFilter@675c941f, org.springframework.security.web.authentication.UsernamePasswordAuthenticationFilter@175622cf, org.springframework.security.web.authentication.ui.DefaultLoginPageGeneratingFilter@2f7b4f2e, org.springframework.security.web.authentication.ui.DefaultLogoutPageGeneratingFilter@115c56de, org.springframework.security.web.authentication.www.BasicAuthenticationFilter@47175dec, org.springframework.security.web.savedrequest.RequestCacheAwareFilter@3f750054, org.springframework.security.web.servletapi.SecurityContextHolderAwareRequestFilter@5747afc6, org.springframework.security.web.authentication.AnonymousAuthenticationFilter@6cd99124, org.springframework.security.web.session.SessionManagementFilter@2b0482bd, org.springframework.security.web.access.ExceptionTranslationFilter@eba76c4, org.springframework.security.web.access.intercept.FilterSecurityInterceptor@524a19f3]
2024-12-07 15:21:10.827  INFO 15976 --- [restartedMain] o.s.b.d.a.OptionalLiveReloadServer       : LiveReload server is running on port 35729
2024-12-07 15:21:10.862  INFO 15976 --- [restartedMain] o.s.b.w.embedded.tomcat.TomcatWebServer  : Tomcat started on port(s): 8080 (http) with context path ''
2024-12-07 15:21:10.873  INFO 15976 --- [restartedMain] fenris06.TacoCloudApplication            : Started TacoCloudApplication in 5.821 seconds (JVM running for 6.511)
2024-12-07 15:21:29.929  INFO 15976 --- [http-nio-8080-exec-1] o.a.c.c.C.[Tomcat].[localhost].[/]       : Initializing Spring DispatcherServlet 'dispatcherServlet'
2024-12-07 15:21:29.930  INFO 15976 --- [http-nio-8080-exec-1] o.s.web.servlet.DispatcherServlet        : Initializing Servlet 'dispatcherServlet'
2024-12-07 15:21:29.931  INFO 15976 --- [http-nio-8080-exec-1] o.s.web.servlet.DispatcherServlet        : Completed initialization in 1 ms
2024-12-07 15:21:30.136  WARN 15976 --- [http-nio-8080-exec-1] o.a.c.util.SessionIdGeneratorBase        : Creation of SecureRandom instance for session ID generation using [SHA1PRNG] took [189] milliseconds.
2024-12-07 15:25:07.418  INFO 15976 --- [SpringApplicationShutdownHook] j.LocalContainerEntityManagerFactoryBean : Closing JPA EntityManagerFactory for persistence unit 'default'
2024-12-07 15:25:07.419  INFO 15976 --- [SpringApplicationShutdownHook] .SchemaDropperImpl$DelayedDropActionImpl : HHH000477: Starting delayed evictData of schema as part of SessionFactory shut-down'
2024-12-07 15:25:07.639  WARN 15976 --- [SpringApplicationShutdownHook] o.s.b.f.support.DisposableBeanAdapter    : Invocation of destroy method failed on bean with name 'inMemoryDatabaseShutdownExecutor': org.h2.jdbc.JdbcSQLNonTransientConnectionException: База данных уже закрыта (чтобы отключить автоматическое закрытие базы данных при останове JVM, добавьте ";DB_CLOSE_ON_EXIT=FALSE" в URL)
Database is already closed (to disable automatic closing at VM shutdown, add ";DB_CLOSE_ON_EXIT=FALSE" to the db URL) [90121-200]
2024-12-07 15:25:07.639  INFO 15976 --- [SpringApplicationShutdownHook] com.zaxxer.hikari.HikariDataSource       : tacocloud - Shutdown initiated...
2024-12-07 15:25:07.645  INFO 15976 --- [SpringApplicationShutdownHook] com.zaxxer.hikari.HikariDataSource       : tacocloud - Shutdown completed.
