2025-12-13 20:44:01.802  INFO 1052 --- [restartedMain] fenris06.TacoCloudApplication            : Starting TacoCloudApplication using Java 11.0.16.1 on LAPTOP-P3INO54K with PID 1052 (D:\New_Java_Projects\taco-cloud\taco-cloud-service\target\classes started by Артем in D:\New_Java_Projects\taco-cloud)
2025-12-13 20:44:01.809  INFO 1052 --- [restartedMain] fenris06.TacoCloudApplication            : The following profiles are active: prod
2025-12-13 20:44:01.866  WARN 1052 --- [restartedMain] o.s.b.c.config.ConfigDataEnvironment     : Property 'spring.profiles' imported from location 'class path resource [application.yaml]' is invalid and should be replaced with 'spring.config.activate.on-profile' [origin: class path resource [application.yaml] - 25:13]
2025-12-13 20:44:01.866  WARN 1052 --- [restartedMain] o.s.b.c.config.ConfigDataEnvironment     : Property 'spring.profiles' imported from location 'class path resource [application.yaml]' is invalid and should be replaced with 'spring.config.activate.on-profile' [origin: class path resource [application.yaml] - 10:13]
2025-12-13 20:44:01.868  INFO 1052 --- [restartedMain] .e.DevToolsPropertyDefaultsPostProcessor : Devtools property defaults active! Set 'spring.devtools.add-properties' to 'false' to disable
2025-12-13 20:44:01.869  INFO 1052 --- [restartedMain] .e.DevToolsPropertyDefaultsPostProcessor : For additional web related logging consider setting the 'logging.level.web' property to 'DEBUG'
2025-12-13 20:44:02.789  INFO 1052 --- [restartedMain] .s.d.r.c.RepositoryConfigurationDelegate : Bootstrapping Spring Data JPA repositories in DEFAULT mode.
2025-12-13 20:44:02.855  INFO 1052 --- [restartedMain] .s.d.r.c.RepositoryConfigurationDelegate : Finished Spring Data repository scanning in 59 ms. Found 4 JPA repository interfaces.
2025-12-13 20:44:03.911  INFO 1052 --- [restartedMain] o.s.b.w.embedded.tomcat.TomcatWebServer  : Tomcat initialized with port(s): 8080 (http)
2025-12-13 20:44:03.926  INFO 1052 --- [restartedMain] o.apache.catalina.core.StandardService   : Starting service [Tomcat]
2025-12-13 20:44:03.927  INFO 1052 --- [restartedMain] org.apache.catalina.core.StandardEngine  : Starting Servlet engine: [Apache Tomcat/9.0.50]
2025-12-13 20:44:04.030  INFO 1052 --- [restartedMain] o.a.c.c.C.[Tomcat].[localhost].[/]       : Initializing Spring embedded WebApplicationContext
2025-12-13 20:44:04.030  INFO 1052 --- [restartedMain] w.s.c.ServletWebServerApplicationContext : Root WebApplicationContext: initialization completed in 2161 ms
2025-12-13 20:44:04.087  INFO 1052 --- [restartedMain] com.zaxxer.hikari.HikariDataSource       : tacocloud - Starting...
2025-12-13 20:44:04.329  INFO 1052 --- [restartedMain] com.zaxxer.hikari.HikariDataSource       : tacocloud - Start completed.
2025-12-13 20:44:04.341  INFO 1052 --- [restartedMain] o.s.b.a.h2.H2ConsoleAutoConfiguration    : H2 console available at '/h2-console'. Database available at 'jdbc:h2:mem:tacocloud'
2025-12-13 20:44:04.585  INFO 1052 --- [restartedMain] o.hibernate.jpa.internal.util.LogHelper  : HHH000204: Processing PersistenceUnitInfo [name: default]
2025-12-13 20:44:04.655  INFO 1052 --- [restartedMain] org.hibernate.Version                    : HHH000412: Hibernate ORM core version 5.4.32.Final
2025-12-13 20:44:04.829  INFO 1052 --- [restartedMain] o.hibernate.annotations.common.Version   : HCANN000001: Hibernate Commons Annotations {5.1.2.Final}
2025-12-13 20:44:04.960  INFO 1052 --- [restartedMain] org.hibernate.dialect.Dialect            : HHH000400: Using dialect: org.hibernate.dialect.H2Dialect
2025-12-13 20:44:05.774  INFO 1052 --- [restartedMain] o.h.e.t.j.p.i.JtaPlatformInitiator       : HHH000490: Using JtaPlatform implementation: [org.hibernate.engine.transaction.jta.platform.internal.NoJtaPlatform]
2025-12-13 20:44:05.780  INFO 1052 --- [restartedMain] j.LocalContainerEntityManagerFactoryBean : Initialized JPA EntityManagerFactory for persistence unit 'default'
2025-12-13 20:44:06.475  WARN 1052 --- [restartedMain] JpaBaseConfiguration$JpaWebConfiguration : spring.jpa.open-in-view is enabled by default. Therefore, database queries may be performed during view rendering. Explicitly configure spring.jpa.open-in-view to disable this warning
2025-12-13 20:44:06.883  INFO 1052 --- [restartedMain] o.s.s.web.DefaultSecurityFilterChain     : Will secure any request with [org.springframework.security.web.context.request.async.WebAsyncManagerIntegrationFilter@3b7e6cf1, org.springframework.security.web.context.SecurityContextPersistenceFilter@1a7fbbcc, org.springframework.security.web.header.HeaderWriterFilter@3b1e5745, org.springframework.security.web.authentication.logout.LogoutFilter@238caf59, org.springframework.security.web.authentication.UsernamePasswordAuthenticationFilter@152414e2, org.springframework.security.web.savedrequest.RequestCacheAwareFilter@11447620, org.springframework.security.web.servletapi.SecurityContextHolderAwareRequestFilter@38d45b16, org.springframework.security.web.authentication.AnonymousAuthenticationFilter@3f18bdaa, org.springframework.security.web.session.SessionManagementFilter@5a86839f, org.springframework.security.web.access.ExceptionTranslationFilter@5197d9ca, org.springframework.security.web.access.intercept.FilterSecurityInterceptor@280d3d78]
2025-12-13 20:44:07.313  WARN 1052 --- [restartedMain] ion$DefaultTemplateResolverConfiguration : Cannot find template location: classpath:/templates/ (please add some templates or check your Thymeleaf configuration)
2025-12-13 20:44:07.634  INFO 1052 --- [restartedMain] o.s.b.d.a.OptionalLiveReloadServer       : LiveReload server is running on port 35729
2025-12-13 20:44:07.665  INFO 1052 --- [restartedMain] o.s.b.w.embedded.tomcat.TomcatWebServer  : Tomcat started on port(s): 8080 (http) with context path ''
2025-12-13 20:44:07.676  INFO 1052 --- [restartedMain] fenris06.TacoCloudApplication            : Started TacoCloudApplication in 6.475 seconds (JVM running for 7.131)
2025-12-13 21:02:20.289  INFO 1052 --- [SpringApplicationShutdownHook] j.LocalContainerEntityManagerFactoryBean : Closing JPA EntityManagerFactory for persistence unit 'default'
2025-12-13 21:02:20.290  INFO 1052 --- [SpringApplicationShutdownHook] .SchemaDropperImpl$DelayedDropActionImpl : HHH000477: Starting delayed evictData of schema as part of SessionFactory shut-down'
2025-12-13 21:02:20.539  WARN 1052 --- [SpringApplicationShutdownHook] o.s.b.f.support.DisposableBeanAdapter    : Invocation of destroy method failed on bean with name 'inMemoryDatabaseShutdownExecutor': org.h2.jdbc.JdbcSQLNonTransientConnectionException: База данных уже закрыта (чтобы отключить автоматическое закрытие базы данных при останове JVM, добавьте ";DB_CLOSE_ON_EXIT=FALSE" в URL)
Database is already closed (to disable automatic closing at VM shutdown, add ";DB_CLOSE_ON_EXIT=FALSE" to the db URL) [90121-200]
2025-12-13 21:02:20.540  INFO 1052 --- [SpringApplicationShutdownHook] com.zaxxer.hikari.HikariDataSource       : tacocloud - Shutdown initiated...
2025-12-13 21:02:20.545  INFO 1052 --- [SpringApplicationShutdownHook] com.zaxxer.hikari.HikariDataSource       : tacocloud - Shutdown completed.
